CREATE PROC mproc1 AS SELECT
{
     cassout  =  CDCIN
     EMPLOYEE_DDL  =  employee
     EMPNO  =  EMPLOYEE-REC
     EMPL_FIRST  =  EMPNO
     EMPL_MID  =  EMPL-FIRST
     EMPL_LAST  =  EMPL-MID
     EMPL_DEPT  =  EMPL-LAST
     EMPL_PHONE  =  EMPL-DEPT
     EMPL_HIREDT  =  EMPL-PHONE
     EMPL_JOB  =  EMPL-HIREDT
     EMPL_EDLEVEL  =  EMPL-JOB
     EMPL_SEX  =  EMPL-EDLEVEL
     EMPL_DOB  =  EMPL-SEX
     EMPL_SALARY  =  EMPL-DOB
     EMPL_BONUS  =  EMPL-SALARY
     EMPL_COMM  =  EMPL-BONUS
     EMPED  =  EMPL-COMM
     PFK_DEPTNO  =  PFK_DEPTNO
     PFK_COMPNAME  =  PFK_COMPNAME
}
FROM CDCIN;


