
-----------------------Monday 30th of March 2015 09:17:59 PM EDT------------------------------
error Type: TypeError
function: function loadCtlProj( id, nameProj )
file: UserControls.js
message: The value of the property 'alllert' is null or undefined, not a Function object

-----------------------Monday 30th of March 2015 09:18:07 PM EDT------------------------------
error Type: TypeError
function: function loadCtlProj( id, nameProj )
file: UserControls.js
message: The value of the property 'alllert' is null or undefined, not a Function object

-----------------------Monday 30th of March 2015 09:20:35 PM EDT------------------------------
error Type: TypeError
function: function loadCtlProj( id, nameProj )
file: UserControls.js
message: The value of the property 'alllert' is null or undefined, not a Function object

-----------------------Monday 30th of March 2015 09:20:44 PM EDT------------------------------
error Type: TypeError
function: function loadCtlProj( id, nameProj )
file: UserControls.js
message: The value of the property 'alllert' is null or undefined, not a Function object

-----------------------Monday 30th of March 2015 09:20:55 PM EDT------------------------------
error Type: TypeError
function: function loadCtlProj( id, nameProj )
file: UserControls.js
message: The value of the property 'alllert' is null or undefined, not a Function object

-----------------------Monday 30th of March 2015 09:21:14 PM EDT------------------------------
error Type: TypeError
function: function loadCtlProj( id, nameProj )
file: UserControls.js
message: The value of the property 'alllert' is null or undefined, not a Function object

-----------------------Monday 30th of March 2015 09:21:29 PM EDT------------------------------
error Type: TypeError
function: function loadCtlProj( id, nameProj )
file: UserControls.js
message: The value of the property 'alllert' is null or undefined, not a Function object

-----------------------Monday 30th of March 2015 10:18:33 PM EDT------------------------------
error Type: TypeError
function: function loadCtlProj( id, nameProj )
file: UserControls.js
message: The value of the property 'alllert' is null or undefined, not a Function object
